[    2127ms] [LOG] - init tea async @ https://res.volccdn.com/obj/volc-console-fe/volc/web-data-sdk/1.0.0.46/cnSdk/initTeaSdk.js:12
[    2165ms] [ERROR] can no read vconsoleAppInfo from window object @ https://res.volccdn.com/obj/volc-console-fe/vconsole-vendors/volc-information.9d1c72b5.js:12
[    2167ms] [ERROR] can no read vconsoleAppInfo from window object @ https://res.volccdn.com/obj/volc-console-fe/vconsole-vendors/volc-information.9d1c72b5.js:12
[    2233ms] [INFO] [MonitorTracer] init successfully! version: 0.21.0 @ https://res.volccdn.com/obj/volc-console-fe/volc/web-data-sdk/1.0.0.46/cnSdk/initTeaSdk.js:6
[    2271ms] [ERROR] can no read vconsoleAppInfo from window object @ https://portal.volccdn.com/obj/volcfe-scm/doccenter/static/js/async/docs/(libid)/(docid$)/page.05aa2cb9.js:1
[    2611ms] [LOG] libraGroup=====> undefined @ https://portal.volccdn.com/obj/volcfe-scm/doccenter/static/js/main.f4903a29.js:0
[    2630ms] [LOG] libraGroup=====> ctrst_grp @ https://portal.volccdn.com/obj/volcfe-scm/doccenter/static/js/main.f4903a29.js:0
[    2637ms] [LOG] {} affixProps @ https://portal.volccdn.com/obj/volcfe-scm/doccenter/static/js/async/docs/(libid)/(docid$)/page.05aa2cb9.js:1
[    2767ms] [WARNING] The web fetch in browser environment has not psm field @ https://portal.volccdn.com/obj/volcfe-scm/doccenter/static/js/380.ff451302.js:1
[    2767ms] [WARNING] The web fetch in browser environment has not psm field @ https://portal.volccdn.com/obj/volcfe-scm/doccenter/static/js/380.ff451302.js:1
[    2796ms] [LOG] libraGroup=====> ctrst_grp @ https://portal.volccdn.com/obj/volcfe-scm/doccenter/static/js/main.f4903a29.js:0
[    2797ms] [LOG] {} affixProps @ https://portal.volccdn.com/obj/volcfe-scm/doccenter/static/js/async/docs/(libid)/(docid$)/page.05aa2cb9.js:1
[    2806ms] [ERROR] Failed to load resource: the server responded with a status of 401 () @ https://console.volcengine.com/api/passport/account/getUser:0
[    2860ms] [LOG] libraGroup=====> ctrst_grp @ https://portal.volccdn.com/obj/volcfe-scm/doccenter/static/js/main.f4903a29.js:0
[    2865ms] [LOG] {} affixProps @ https://portal.volccdn.com/obj/volcfe-scm/doccenter/static/js/async/docs/(libid)/(docid$)/page.05aa2cb9.js:1
[    2866ms] [WARNING] The web fetch in browser environment has not psm field @ https://portal.volccdn.com/obj/volcfe-scm/doccenter/static/js/380.ff451302.js:1
[    2953ms] [LOG] ========= undefined @ https://portal.volccdn.com/obj/volcfe-scm/doccenter/static/js/main.f4903a29.js:0
[    3055ms] [LOG] {} affixProps @ https://portal.volccdn.com/obj/volcfe-scm/doccenter/static/js/async/docs/(libid)/(docid$)/page.05aa2cb9.js:1
[    3235ms] [LOG] {} affixProps @ https://portal.volccdn.com/obj/volcfe-scm/doccenter/static/js/async/docs/(libid)/(docid$)/page.05aa2cb9.js:1
[    3290ms] [ERROR] can no read vconsoleAppInfo from window object @ https://res.volccdn.com/obj/volc-console-fe/vcopilot-entry/web/static/js/8199.b73ea5f4.js:1
[    3363ms] [ERROR] can no read vconsoleAppInfo from window object @ https://res.volccdn.com/obj/volc-console-fe/vcopilot-entry/web/static/js/async/7585.fb588188.js:109
[    3478ms] [ERROR] `volcfContext` not found, please use `waitForVolcf` to wait for volcf to be loaded. @ https://res.volccdn.com/obj/volc-console-fe/vcopilot-entry/web/static/js/8199.b73ea5f4.js:1
[    3478ms] [ERROR] `volcfContext` not found, please use `waitForVolcf` to wait for volcf to be loaded. @ https://res.volccdn.com/obj/volc-console-fe/vcopilot-entry/web/static/js/8199.b73ea5f4.js:1
[    3489ms] [WARNING] Failed to execute 'postMessage' on 'DOMWindow': The target origin provided ('https://signin.volcengine.com') does not match the recipient window's origin ('https://www.volcengine.com'). @ https://res.volccdn.com/obj/volc-console-fe/vcopilot-entry/web/static/js/async/7585.fb588188.js:109
[    3491ms] [INFO] [ErrorRecommend][WebRuntimeGate] Resolved page error recommend gate {gate: Object, errorRecommendWhiteList: Array(0)} @ https://res.volccdn.com/obj/volc-console-fe/vcopilot-entry/web/static/js/async/1433.29c58a4f.js:47
[    3491ms] [INFO] [ErrorRecommend][Coordinator] Updating coordinator enabled state {href: https://www.volcengine.com/docs/82379/1330311?lang=zh, isTopWindow: true, payload: Object} @ https://res.volccdn.com/obj/volc-console-fe/vcopilot-entry/web/static/js/async/1433.29c58a4f.js:47
[    3492ms] [INFO] [ErrorRecommend][Coordinator] Updating coordinator enabled state {href: https://www.volcengine.com/docs/82379/1330311?lang=zh, isTopWindow: true, payload: Object} @ https://res.volccdn.com/obj/volc-console-fe/vcopilot-entry/web/static/js/async/1433.29c58a4f.js:47
[    3492ms] [INFO] [ErrorRecommend][Coordinator] Initializing page error recommend coordinator {href: https://www.volcengine.com/docs/82379/1330311?lang=zh, isTopWindow: true} @ https://res.volccdn.com/obj/volc-console-fe/vcopilot-entry/web/static/js/async/1433.29c58a4f.js:47
[    3493ms] [INFO] [ErrorRecommend][Coordinator] Disposing page error recommend coordinator {href: https://www.volcengine.com/docs/82379/1330311?lang=zh, isTopWindow: true} @ https://res.volccdn.com/obj/volc-console-fe/vcopilot-entry/web/static/js/async/1433.29c58a4f.js:47
[    3493ms] [INFO] [ErrorRecommend][Coordinator] Clearing current coordinator state {href: https://www.volcengine.com/docs/82379/1330311?lang=zh, isTopWindow: true, payload: Object} @ https://res.volccdn.com/obj/volc-console-fe/vcopilot-entry/web/static/js/async/1433.29c58a4f.js:47
[    3493ms] [INFO] [ErrorRecommend][WebRuntimeGate] Resolved page error recommend gate {gate: Object, errorRecommendWhiteList: Array(0)} @ https://res.volccdn.com/obj/volc-console-fe/vcopilot-entry/web/static/js/async/1433.29c58a4f.js:47
[    3493ms] [INFO] [ErrorRecommend][Coordinator] Updating coordinator enabled state {href: https://www.volcengine.com/docs/82379/1330311?lang=zh, isTopWindow: true, payload: Object} @ https://res.volccdn.com/obj/volc-console-fe/vcopilot-entry/web/static/js/async/1433.29c58a4f.js:47
[    3494ms] [WARNING] CommonJSONRPCProtocol: method vcopilot/set-ui-config already has request handler, override. @ https://res.volccdn.com/obj/volc-console-fe/vcopilot-entry/web/static/js/async/1433.29c58a4f.js:2
[    3494ms] [WARNING] CommonJSONRPCProtocol: method vcopilot/get-display-state already has request handler, override. @ https://res.volccdn.com/obj/volc-console-fe/vcopilot-entry/web/static/js/async/1433.29c58a4f.js:2
[    3494ms] [WARNING] CommonJSONRPCProtocol: method vcopilot/iframe/proxy-jsonrpc-notification already has notification handler, override. @ https://res.volccdn.com/obj/volc-console-fe/vcopilot-entry/web/static/js/async/1433.29c58a4f.js:2
[    3494ms] [INFO] [ErrorRecommend][Coordinator] Updating coordinator enabled state {href: https://www.volcengine.com/docs/82379/1330311?lang=zh, isTopWindow: true, payload: Object} @ https://res.volccdn.com/obj/volc-console-fe/vcopilot-entry/web/static/js/async/1433.29c58a4f.js:47
[    3494ms] [INFO] [ErrorRecommend][Coordinator] Initializing page error recommend coordinator {href: https://www.volcengine.com/docs/82379/1330311?lang=zh, isTopWindow: true} @ https://res.volccdn.com/obj/volc-console-fe/vcopilot-entry/web/static/js/async/1433.29c58a4f.js:47
[    3585ms] [WARNING] Failed to execute 'postMessage' on 'DOMWindow': The target origin provided ('https://signin.volcengine.com') does not match the recipient window's origin ('https://www.volcengine.com'). @ https://res.volccdn.com/obj/volc-console-fe/vcopilot-entry/web/static/js/async/7585.fb588188.js:109
[    3625ms] [INFO] [ErrorRecommend][WebRuntimeGate] Resolved page error recommend gate {gate: Object, errorRecommendWhiteList: Array(2)} @ https://res.volccdn.com/obj/volc-console-fe/vcopilot-entry/web/static/js/async/1433.29c58a4f.js:47
[    3625ms] [INFO] [ErrorRecommend][Coordinator] Updating coordinator enabled state {href: https://www.volcengine.com/docs/82379/1330311?lang=zh, isTopWindow: true, payload: Object} @ https://res.volccdn.com/obj/volc-console-fe/vcopilot-entry/web/static/js/async/1433.29c58a4f.js:47
[    3678ms] [TIMEEND] vcopilot-FastSigninInit: 193.530029296875 ms @ https://res.volccdn.com/obj/volc-console-fe/vcopilot-entry/web/static/js/async/1433.29c58a4f.js:36
[    3768ms] [INFO] [ErrorRecommend][WebRuntimeGate] Resolved page error recommend gate {gate: Object, errorRecommendWhiteList: Array(2)} @ https://res.volccdn.com/obj/volc-console-fe/vcopilot-entry/web/static/js/async/1433.29c58a4f.js:47
[    3768ms] [INFO] [ErrorRecommend][Coordinator] Updating coordinator enabled state {href: https://www.volcengine.com/docs/82379/1330311?lang=zh, isTopWindow: true, payload: Object} @ https://res.volccdn.com/obj/volc-console-fe/vcopilot-entry/web/static/js/async/1433.29c58a4f.js:47
