[    2584ms] [LOG] - init tea async @ https://res.volccdn.com/obj/volc-console-fe/volc/web-data-sdk/1.0.0.46/cnSdk/initTeaSdk.js:12
[    2650ms] [ERROR] can no read vconsoleAppInfo from window object @ https://res.volccdn.com/obj/volc-console-fe/vconsole-vendors/volc-information.9d1c72b5.js:12
[    2655ms] [ERROR] can no read vconsoleAppInfo from window object @ https://res.volccdn.com/obj/volc-console-fe/vconsole-vendors/volc-information.9d1c72b5.js:12
[    2760ms] [INFO] [MonitorTracer] init successfully! version: 0.21.0 @ https://res.volccdn.com/obj/volc-console-fe/volc/web-data-sdk/1.0.0.46/cnSdk/initTeaSdk.js:6
[    2926ms] [ERROR] can no read vconsoleAppInfo from window object @ https://portal.volccdn.com/obj/volcfe-scm/doccenter/static/js/async/docs/(libid)/(docid$)/page.05aa2cb9.js:1
[    3114ms] [LOG] libraGroup=====> undefined @ https://portal.volccdn.com/obj/volcfe-scm/doccenter/static/js/main.f4903a29.js:0
[    3154ms] [LOG] {} affixProps @ https://portal.volccdn.com/obj/volcfe-scm/doccenter/static/js/async/docs/(libid)/(docid$)/page.05aa2cb9.js:1
[    3342ms] [WARNING] The web fetch in browser environment has not psm field @ https://portal.volccdn.com/obj/volcfe-scm/doccenter/static/js/380.ff451302.js:1
[    3342ms] [WARNING] The web fetch in browser environment has not psm field @ https://portal.volccdn.com/obj/volcfe-scm/doccenter/static/js/380.ff451302.js:1
[    3352ms] [LOG] {} affixProps @ https://portal.volccdn.com/obj/volcfe-scm/doccenter/static/js/async/docs/(libid)/(docid$)/page.05aa2cb9.js:1
[    4286ms] [ERROR] Failed to load resource: the server responded with a status of 401 () @ https://console.volcengine.com/api/passport/account/getUser:0
[    4294ms] [LOG] libraGroup=====> ctrst_grp @ https://portal.volccdn.com/obj/volcfe-scm/doccenter/static/js/main.f4903a29.js:0
[    4297ms] [LOG] {} affixProps @ https://portal.volccdn.com/obj/volcfe-scm/doccenter/static/js/async/docs/(libid)/(docid$)/page.05aa2cb9.js:1
[    4342ms] [LOG] libraGroup=====> ctrst_grp @ https://portal.volccdn.com/obj/volcfe-scm/doccenter/static/js/main.f4903a29.js:0
[    4349ms] [LOG] {} affixProps @ https://portal.volccdn.com/obj/volcfe-scm/doccenter/static/js/async/docs/(libid)/(docid$)/page.05aa2cb9.js:1
[    4379ms] [WARNING] The web fetch in browser environment has not psm field @ https://portal.volccdn.com/obj/volcfe-scm/doccenter/static/js/380.ff451302.js:1
[    4558ms] [LOG] {} affixProps @ https://portal.volccdn.com/obj/volcfe-scm/doccenter/static/js/async/docs/(libid)/(docid$)/page.05aa2cb9.js:1
[    4685ms] [ERROR] can no read vconsoleAppInfo from window object @ https://res.volccdn.com/obj/volc-console-fe/vcopilot-entry/web/static/js/8199.b73ea5f4.js:1
[    4690ms] [LOG] ========= undefined @ https://portal.volccdn.com/obj/volcfe-scm/doccenter/static/js/main.f4903a29.js:0
[    4700ms] [LOG] {} affixProps @ https://portal.volccdn.com/obj/volcfe-scm/doccenter/static/js/async/docs/(libid)/(docid$)/page.05aa2cb9.js:1
[    4932ms] [ERROR] can no read vconsoleAppInfo from window object @ https://res.volccdn.com/obj/volc-console-fe/vcopilot-entry/web/static/js/async/7585.fb588188.js:109
[    5111ms] [ERROR] `volcfContext` not found, please use `waitForVolcf` to wait for volcf to be loaded. @ https://res.volccdn.com/obj/volc-console-fe/vcopilot-entry/web/static/js/8199.b73ea5f4.js:1
[    5111ms] [ERROR] `volcfContext` not found, please use `waitForVolcf` to wait for volcf to be loaded. @ https://res.volccdn.com/obj/volc-console-fe/vcopilot-entry/web/static/js/8199.b73ea5f4.js:1
[    5124ms] [WARNING] Failed to execute 'postMessage' on 'DOMWindow': The target origin provided ('https://signin.volcengine.com') does not match the recipient window's origin ('https://www.volcengine.com'). @ https://res.volccdn.com/obj/volc-console-fe/vcopilot-entry/web/static/js/async/7585.fb588188.js:109
[    5132ms] [INFO] [ErrorRecommend][WebRuntimeGate] Resolved page error recommend gate {gate: Object, errorRecommendWhiteList: Array(0)} @ https://res.volccdn.com/obj/volc-console-fe/vcopilot-entry/web/static/js/async/1433.29c58a4f.js:47
[    5133ms] [INFO] [ErrorRecommend][Coordinator] Updating coordinator enabled state {href: https://www.volcengine.com/docs/82379/1330310?lang=zh, isTopWindow: true, payload: Object} @ https://res.volccdn.com/obj/volc-console-fe/vcopilot-entry/web/static/js/async/1433.29c58a4f.js:47
[    5134ms] [INFO] [ErrorRecommend][Coordinator] Updating coordinator enabled state {href: https://www.volcengine.com/docs/82379/1330310?lang=zh, isTopWindow: true, payload: Object} @ https://res.volccdn.com/obj/volc-console-fe/vcopilot-entry/web/static/js/async/1433.29c58a4f.js:47
[    5134ms] [INFO] [ErrorRecommend][Coordinator] Initializing page error recommend coordinator {href: https://www.volcengine.com/docs/82379/1330310?lang=zh, isTopWindow: true} @ https://res.volccdn.com/obj/volc-console-fe/vcopilot-entry/web/static/js/async/1433.29c58a4f.js:47
[    5141ms] [INFO] [ErrorRecommend][Coordinator] Disposing page error recommend coordinator {href: https://www.volcengine.com/docs/82379/1330310?lang=zh, isTopWindow: true} @ https://res.volccdn.com/obj/volc-console-fe/vcopilot-entry/web/static/js/async/1433.29c58a4f.js:47
[    5142ms] [INFO] [ErrorRecommend][Coordinator] Clearing current coordinator state {href: https://www.volcengine.com/docs/82379/1330310?lang=zh, isTopWindow: true, payload: Object} @ https://res.volccdn.com/obj/volc-console-fe/vcopilot-entry/web/static/js/async/1433.29c58a4f.js:47
[    5142ms] [INFO] [ErrorRecommend][WebRuntimeGate] Resolved page error recommend gate {gate: Object, errorRecommendWhiteList: Array(0)} @ https://res.volccdn.com/obj/volc-console-fe/vcopilot-entry/web/static/js/async/1433.29c58a4f.js:47
[    5142ms] [INFO] [ErrorRecommend][Coordinator] Updating coordinator enabled state {href: https://www.volcengine.com/docs/82379/1330310?lang=zh, isTopWindow: true, payload: Object} @ https://res.volccdn.com/obj/volc-console-fe/vcopilot-entry/web/static/js/async/1433.29c58a4f.js:47
[    5142ms] [WARNING] CommonJSONRPCProtocol: method vcopilot/set-ui-config already has request handler, override. @ https://res.volccdn.com/obj/volc-console-fe/vcopilot-entry/web/static/js/async/1433.29c58a4f.js:2
[    5142ms] [WARNING] CommonJSONRPCProtocol: method vcopilot/get-display-state already has request handler, override. @ https://res.volccdn.com/obj/volc-console-fe/vcopilot-entry/web/static/js/async/1433.29c58a4f.js:2
[    5142ms] [WARNING] CommonJSONRPCProtocol: method vcopilot/iframe/proxy-jsonrpc-notification already has notification handler, override. @ https://res.volccdn.com/obj/volc-console-fe/vcopilot-entry/web/static/js/async/1433.29c58a4f.js:2
[    5142ms] [INFO] [ErrorRecommend][Coordinator] Updating coordinator enabled state {href: https://www.volcengine.com/docs/82379/1330310?lang=zh, isTopWindow: true, payload: Object} @ https://res.volccdn.com/obj/volc-console-fe/vcopilot-entry/web/static/js/async/1433.29c58a4f.js:47
[    5143ms] [INFO] [ErrorRecommend][Coordinator] Initializing page error recommend coordinator {href: https://www.volcengine.com/docs/82379/1330310?lang=zh, isTopWindow: true} @ https://res.volccdn.com/obj/volc-console-fe/vcopilot-entry/web/static/js/async/1433.29c58a4f.js:47
[    5222ms] [WARNING] Failed to execute 'postMessage' on 'DOMWindow': The target origin provided ('https://signin.volcengine.com') does not match the recipient window's origin ('https://www.volcengine.com'). @ https://res.volccdn.com/obj/volc-console-fe/vcopilot-entry/web/static/js/async/7585.fb588188.js:109
[    5423ms] [WARNING] Failed to execute 'postMessage' on 'DOMWindow': The target origin provided ('https://signin.volcengine.com') does not match the recipient window's origin ('https://www.volcengine.com'). @ https://res.volccdn.com/obj/volc-console-fe/vcopilot-entry/web/static/js/async/7585.fb588188.js:109
[    5438ms] [INFO] [ErrorRecommend][WebRuntimeGate] Resolved page error recommend gate {gate: Object, errorRecommendWhiteList: Array(2)} @ https://res.volccdn.com/obj/volc-console-fe/vcopilot-entry/web/static/js/async/1433.29c58a4f.js:47
[    5439ms] [INFO] [ErrorRecommend][Coordinator] Updating coordinator enabled state {href: https://www.volcengine.com/docs/82379/1330310?lang=zh, isTopWindow: true, payload: Object} @ https://res.volccdn.com/obj/volc-console-fe/vcopilot-entry/web/static/js/async/1433.29c58a4f.js:47
[    5636ms] [INFO] [ErrorRecommend][WebRuntimeGate] Resolved page error recommend gate {gate: Object, errorRecommendWhiteList: Array(2)} @ https://res.volccdn.com/obj/volc-console-fe/vcopilot-entry/web/static/js/async/1433.29c58a4f.js:47
[    5636ms] [INFO] [ErrorRecommend][Coordinator] Updating coordinator enabled state {href: https://www.volcengine.com/docs/82379/1330310?lang=zh, isTopWindow: true, payload: Object} @ https://res.volccdn.com/obj/volc-console-fe/vcopilot-entry/web/static/js/async/1433.29c58a4f.js:47
[    5825ms] [WARNING] Failed to execute 'postMessage' on 'DOMWindow': The target origin provided ('https://signin.volcengine.com') does not match the recipient window's origin ('https://www.volcengine.com'). @ https://res.volccdn.com/obj/volc-console-fe/vcopilot-entry/web/static/js/async/7585.fb588188.js:109
[    6627ms] [WARNING] Failed to execute 'postMessage' on 'DOMWindow': The target origin provided ('https://signin.volcengine.com') does not match the recipient window's origin ('https://www.volcengine.com'). @ https://res.volccdn.com/obj/volc-console-fe/vcopilot-entry/web/static/js/async/7585.fb588188.js:109
[    6804ms] [TIMEEND] vcopilot-FastSigninInit: 1684.40185546875 ms @ https://res.volccdn.com/obj/volc-console-fe/vcopilot-entry/web/static/js/async/1433.29c58a4f.js:36
